<?xml version="1.0" encoding="UTF-8"?>
<testng-results ignored="0" total="1" passed="1" failed="0" skipped="0">
  <reporter-output>
  </reporter-output>
  <suite started-at="2025-04-11T14:46:55 IST" name="Default suite" finished-at="2025-04-11T14:47:28 IST" duration-ms="32542">
    <groups>
    </groups>
    <test started-at="2025-04-11T14:46:55 IST" name="Default test" finished-at="2025-04-11T14:47:28 IST" duration-ms="32542">
      <class name="irctc.TicketBookingTest">
        <test-method is-config="true" signature="launchApplication()[pri:0, instance:irctc.TicketBookingTest@5c6648b0]" started-at="2025-04-11T14:46:55 IST" name="launchApplication" finished-at="2025-04-11T14:47:02 IST" duration-ms="6614" status="PASS">
          <reporter-output>
          </reporter-output>
        </test-method> <!-- launchApplication -->
        <test-method signature="bookTicket()[pri:0, instance:irctc.TicketBookingTest@5c6648b0]" started-at="2025-04-11T14:47:02 IST" name="bookTicket" finished-at="2025-04-11T14:47:28 IST" duration-ms="25839" status="PASS">
          <reporter-output>
          </reporter-output>
        </test-method> <!-- bookTicket -->
      </class> <!-- irctc.TicketBookingTest -->
    </test> <!-- Default test -->
  </suite> <!-- Default suite -->
</testng-results>
